============================================================
   Tang Dynasty, V6.2.168116
   Copyright (c) 2012-2025 Anlogic Inc.
   Executable = D:/TD/bin/td.exe
   Built at =   16:32:07 Jun 12 2025
   Run by =     sean
   Run Date =   Thu Nov  6 13:54:12 2025

   Run on =     LAPTOP-18IJM237
============================================================
RUN-1002 : start command "import_db D:/TD/prj/imx_face/imx_isp_Runs/phy_1/imx_isp_pr.db"
RUN-1001 : Importing database generated by Tang Dynasty, V6.2.168116.
RUN-1001 : Database version number 46207
RUN-1001 : Import flow parameters
RUN-1001 : Import netlist
RUN-1001 : Constructing routing connections ...
PHY-1001 : End build routing graph; 7.662687s wall, 26.781250s user + 0.828125s system = 27.609375s CPU (360.3%)

RUN-1001 : Import phy database
RUN-1001 : Import timing constraints
RUN-1001 : Import IO constraints
RUN-1001 : Import Inst constraints
RUN-1001 : Import ChipWatcher
RUN-1001 : Import design success TD_VERSION=6.2.168116 , DB_VERSION=46207
RUN-1003 : finish command "import_db D:/TD/prj/imx_face/imx_isp_Runs/phy_1/imx_isp_pr.db" in  12.896460s wall, 30.671875s user + 1.609375s system = 32.281250s CPU (250.3%)

RUN-1004 : used memory is 3436 MB, reserved memory is 3486 MB, peak memory is 3482 MB
RUN-1002 : start command "config_chipwatcher"
KIT-1004 : Chipwatcher code = 1100000010011111
KIT-1004 : import watcher inst auto_created_cwc1 completed, there are 61 view node(s), 452 trigger net(s), 452 data net(s).
KIT-1004 : import watcher inst auto_created_cwc2 completed, there are 15 view node(s), 118 trigger net(s), 118 data net(s).
GUI-1001 : Config chip watcher succeed!
GUI-1001 : User opens ChipWatcher ...
GUI-8501 ERROR: Code verification failed. The bit file does not match with chipwatcher design.
RUN-1002 : start command "download -bit imx_isp_Runs/phy_1/cw/compiled.bit -mode jtag_burst -spd 9 -cable 0 -total_dev 1 -cur_dev 1 -bypass 11111111"
PRG-2014 : Chip validation success: PH1A180SFG676
RUN-1003 : finish command "download -bit imx_isp_Runs/phy_1/cw/compiled.bit -mode jtag_burst -spd 9 -cable 0 -total_dev 1 -cur_dev 1 -bypass 11111111" in  11.361394s wall, 2.546875s user + 2.125000s system = 4.671875s CPU (41.1%)

RUN-1004 : used memory is 4093 MB, reserved memory is 4165 MB, peak memory is 4332 MB
GUI-1001 : Downloading succeeded!
RUN-1002 : start command "download -bit imx_isp_Runs/phy_1/cw/compiled.bit -mode jtag_burst -spd 9 -cable 0 -total_dev 1 -cur_dev 1 -bypass 11111111"
PRG-2014 : Chip validation success: PH1A180SFG676
RUN-1003 : finish command "download -bit imx_isp_Runs/phy_1/cw/compiled.bit -mode jtag_burst -spd 9 -cable 0 -total_dev 1 -cur_dev 1 -bypass 11111111" in  11.286934s wall, 2.515625s user + 1.734375s system = 4.250000s CPU (37.7%)

RUN-1004 : used memory is 4095 MB, reserved memory is 4166 MB, peak memory is 4351 MB
GUI-1001 : Downloading succeeded!
