============================================================
   Tang Dynasty, V6.2.168116
   Copyright (c) 2012-2025 Anlogic Inc.
   Executable = D:/TD/bin/run.exe
   Built at =   16:32:07 Jun 12 2025
   Run by =     sean
   Run Date =   Thu Nov  6 13:15:47 2025

   Run on =     LAPTOP-18IJM237
============================================================
RUN-1002 : start command "import_device ph1_180.db -package PH1A180SFG676"
RUN-1001 : Using default speed grade: 2
ARC-1001 : Device Initialization.
ARC-1001 : -----------------------------------------------------------
ARC-1001 :           OPTION          |        IO        |   SETTING   
ARC-1001 : -----------------------------------------------------------
ARC-1001 :   non_jtag_persist(none)  |      36 IOs      |    gpio    
ARC-1001 :            jtag           |  P7/L8/N8/R6/R7  |  dedicate  
ARC-1001 : -----------------------------------------------------------
RUN-1003 : finish command "import_device ph1_180.db -package PH1A180SFG676" in  5.898372s wall, 3.734375s user + 0.218750s system = 3.953125s CPU (67.0%)

RUN-1004 : used memory is 1197 MB, reserved memory is 1195 MB, peak memory is 1197 MB
RUN-1002 : start command "set_param flow ooc_flow on"
RUN-1002 : start command "read_verilog -file auto_created_cwc3_watcherInst.sv"
HDL-1007 : analyze verilog file auto_created_cwc3_watcherInst.sv
HDL-1007 : analyze verilog file D:\TD\ip/apm/apm_cwc/apm_cwc.sv
Copyright (c) 1998-2019 The OpenSSL Project.  All rights reserved.
This product includes software developed by the OpenSSL Project
for use in the OpenSSL Toolkit (http://www.openssl.org/)
Copyright (C) 1995-1998 Eric Young (eay@cryptsoft.com)
All rights reserved.
This product includes cryptographic software written by Eric Young (eay@cryptsoft.com)
HDL-1007 : undeclared symbol '**', assumed default net type '**' in D:\TD\ip/apm/apm_cwc/apm_cwc.sv(492)
HDL-1007 : undeclared symbol '**', assumed default net type '**' in D:\TD\ip/apm/apm_cwc/apm_cwc.sv(493)
HDL-1007 : back to file 'D:\TD\ip/apm/apm_cwc/apm_cwc.sv' in D:\TD\ip/apm/apm_cwc/apm_cwc.sv(1)
HDL-1007 : elaborate module auto_created_cwc3 in auto_created_cwc3_watcherInst.sv(1)
HDL-1007 : elaborate module ** in D:\TD\ip/apm/apm_cwc/apm_cwc.sv(3)
HDL-1007 : elaborate module ** in D:\TD\ip/apm/apm_cwc/apm_cwc.sv(212)
HDL-1007 : elaborate module ** in D:\TD\ip/apm/apm_cwc/apm_cwc.sv(573)
HDL-1007 : elaborate module ** in D:\TD\ip/apm/apm_cwc/apm_cwc.sv(629)
HDL-1007 : elaborate module ** in D:\TD\ip/apm/apm_cwc/apm_cwc.sv(629)
HDL-1007 : elaborate module ** in D:\TD\ip/apm/apm_cwc/apm_cwc.sv(788)
HDL-1007 : elaborate module ** in D:\TD\ip/apm/apm_cwc/apm_cwc.sv(1025)
HDL-1007 : elaborate module ** in D:\TD\ip/apm/apm_cwc/apm_cwc.sv(1025)
HDL-1007 : elaborate module ** in D:\TD\ip/apm/apm_cwc/apm_cwc.sv(1025)
HDL-1007 : elaborate module ** in D:\TD\ip/apm/apm_cwc/apm_cwc.sv(1025)
HDL-1007 : elaborate module ** in D:\TD\ip/apm/apm_cwc/apm_cwc.sv(1025)
HDL-1007 : elaborate module ** in D:\TD\ip/apm/apm_cwc/apm_cwc.sv(1025)
HDL-1007 : elaborate module ** in D:\TD\ip/apm/apm_cwc/apm_cwc.sv(995)
HDL-1007 : extracting RAM for identifier '**' in D:\TD\ip/apm/apm_cwc/apm_cwc.sv(1010)
HDL-1200 : Current top model is auto_created_cwc3
HDL-1100 : Inferred 1 RAMs.
RUN-1002 : start command "optimize_rtl"
RUN-1001 : Open license file D:/TD/license/Anlogic.lic
SYN-1001 : Stage 1 | Optimize RTL
SYN-1001 : Stage 1.1 | Check Design Sanity
SYN-1001 : End Stage 1.1 | Check Design Sanity; Time: 0.003475s wall, 0.000000s user + 0.000000s system = 0.000000s CPU (n/a%); Memory(MB): used = 1204, reserved = 1195, peak = 1204;

SYN-1079 : finish stage Check Design Sanity. Total instances: 2249, Total nets: 4960.

SYN-1001 : Stage 1.2 | Initialize Design
SYN-1001 : End Stage 1.2 | Initialize Design; Time: 0.090894s wall, 0.093750s user + 0.000000s system = 0.093750s CPU (103.1%); Memory(MB): used = 1204, reserved = 1195, peak = 1204;

SYN-1079 : finish stage Initialize Design. Total instances: 883, Total nets: 2873.

SYN-1001 : Stage 1.3 | Flatten Module
SYN-1011 : Flatten model auto_created_cwc3
SYN-1050 : Instances selected by 'keep_hierarchy':
RUN-1001 : ------------------------------------------------------------------------------------------------------------
RUN-1001 :           instance           |  keep_hierarchy  |         down_module         |         file(line)          
RUN-1001 : ------------------------------------------------------------------------------------------------------------
RUN-1001 :   wrapper_cwc_top/U_cwc_ram  |       true       | anlogic05_cwc_ram(DATA_...  | D:\TD\ip/apm/apm_cwc/ap...  
RUN-1001 : ------------------------------------------------------------------------------------------------------------
SYN-1001 : End Stage 1.3 | Flatten Module; Time: 0.014281s wall, 0.015625s user + 0.000000s system = 0.015625s CPU (109.4%); Memory(MB): used = 1204, reserved = 1195, peak = 1204;

SYN-1079 : finish stage Flatten Module. Total instances: 1212, Total nets: 2229.

SYN-1001 : Stage 1.4 | Uniform Instance
SYN-1001 : End Stage 1.4 | Uniform Instance; Time: 0.005325s wall, 0.000000s user + 0.000000s system = 0.000000s CPU (n/a%); Memory(MB): used = 1177, reserved = 1177, peak = 1204;

SYN-1079 : finish stage Uniform Instance. Total instances: 1061, Total nets: 2078.

SYN-1001 : Stage 1.5 | Optimize Design
SYN-1032 : 2069/2 useful/useless nets, 1059/2 useful/useless insts
SYN-1016 : Merged 54 instances.
SYN-1016 : Merged 16 instances.
SYN-1001 : End Stage 1.5 | Optimize Design; Time: 0.146131s wall, 0.125000s user + 0.015625s system = 0.140625s CPU (96.2%); Memory(MB): used = 1180, reserved = 1192, peak = 1204;

SYN-1079 : finish stage Optimize Design. Total instances: 1697, Total nets: 1947.

SYN-1001 : Stage 1.6 | Optimize Iteratively
SYN-1014 : Optimize round 1
SYN-1017 : Remove 3 const input seq instances
SYN-1020 : Optimized 4 distributor mux.
SYN-1015 : Optimize round 1, 100 better
SYN-1014 : Optimize round 2
SYN-1016 : Merged 2 instances.
SYN-1015 : Optimize round 2, 4 better
SYN-3010 : Optimized 2 DFF(s)
SYN-1014 : Optimize round 1
SYN-1015 : Optimize round 1, 0 better
SYN-1001 : End Stage 1.6 | Optimize Iteratively; Time: 0.566320s wall, 0.562500s user + 0.015625s system = 0.578125s CPU (102.1%); Memory(MB): used = 1192, reserved = 1191, peak = 1204;

SYN-1079 : finish stage Optimize Iteratively. Total instances: 1683, Total nets: 1933.

SYN-1001 : Stage 1.7 | Check Design
SYN-1001 : End Stage 1.7 | Check Design; Time: 0.000640s wall, 0.000000s user + 0.000000s system = 0.000000s CPU (n/a%); Memory(MB): used = 1192, reserved = 1191, peak = 1204;

SYN-1079 : finish stage Check Design. Total instances: 1683, Total nets: 1933.

SYN-1001 : End Stage 1 | Optimize RTL; Time: 0.827783s wall, 0.796875s user + 0.031250s system = 0.828125s CPU (100.0%); Memory(MB): used = 1192, reserved = 1191, peak = 1204;

SYN-1079 : finish stage Optimize RTL. Total instances: 1683, Total nets: 1933.

RUN-1002 : start command "map_macro"
SYN-1001 : Stage 2 | Map Reg
SYN-1001 : End Stage 2 | Map Reg; Time: 0.020032s wall, 0.015625s user + 0.000000s system = 0.015625s CPU (78.0%); Memory(MB): used = 1192, reserved = 1190, peak = 1204;

SYN-1079 : finish stage Map Reg. Total instances: 1683, Total nets: 1933.

SYN-1001 : Stage 3 | Map IO
SYN-2001 : Map 0 IOs to PADs of model 'auto_created_cwc3'
SYN-1001 : End Stage 3 | Map IO; Time: 0.001877s wall, 0.000000s user + 0.000000s system = 0.000000s CPU (n/a%); Memory(MB): used = 1192, reserved = 1190, peak = 1204;

SYN-1001 : Stage 4 | Map Macro
RUN-1002 : start command "update_pll_param -module auto_created_cwc3"
SYN-2501 : Processed 0 LOGIC_BUF instances.
SYN-2571 : Optimize after map_dsp, round 1
SYN-2571 : Optimize after map_dsp, round 1, 0 better
SYN-1001 : Throwback 5 control mux instances
SYN-2501 : Optimize round 1
SYN-1016 : Merged 3 instances.
SYN-2501 : Optimize round 1, 50 better
SYN-2501 : Optimize round 2
SYN-2501 : Optimize round 2, 0 better
SYN-2501 : Optimize round 1
SYN-2501 : Optimize round 1, 0 better
SYN-2501 : Map 14 macro adder(s)
SYN-1016 : Merged 158 instances.
SYN-1001 : End Stage 4 | Map Macro; Time: 0.310233s wall, 0.296875s user + 0.015625s system = 0.312500s CPU (100.7%); Memory(MB): used = 1201, reserved = 1195, peak = 1204;

SYN-1079 : finish stage Map Macro. Total instances: 1899, Total nets: 2196.

RUN-1002 : start command "map"
SYN-1001 : Stage 5 | Map Gate
SYN-2581 : Mapping with K=6, #lut = 314 (3.75), #lev = 4 (1.43), #crit_level = 0
SYN-2551 : Post LUT mapping optimization.
SYN-2581 : Mapping with K=6, #lut = 310 (3.68), #lev = 4 (1.52), #crit_level = 0
SYN-3001 : Logic optimization opt = 0.14 sec, map = 0.02 sec, post map opt = 0.15 sec.
SYN-1001 : End Stage 5 | Map Gate; Time: 0.348756s wall, 0.343750s user + 0.000000s system = 0.343750s CPU (98.6%); Memory(MB): used = 1209, reserved = 1200, peak = 1209;

RUN-1002 : start command "pack"
SYN-1001 : Packing model "auto_created_cwc3" ...
SYN-1001 : Stage 6 | Pack Gate
SYN-4010 : Pack lib has 90 rtl pack models with 59 top pack blocks
SYN-1014 : Optimize round 1
SYN-1015 : Optimize round 1, 0 better
SYN-4002 : Packing 515 DFF/LATCH to SEQ ...
RUN-1002 : start command "start_timer"
RUN-1002 : start command "end_timer"
SYN-4009 : Pack 0 carry chain into lslice
SYN-1001 : End Stage 6 | Pack Gate; Time: 0.079810s wall, 0.062500s user + 0.015625s system = 0.078125s CPU (97.9%); Memory(MB): used = 1209, reserved = 1200, peak = 1209;

RUN-1002 : start command "report_qor -step gate -file gate.qor"
RUN-1002 : start command "start_timer"
-----------------------------------------------------------
| QoR metrics               |         value               |
-----------------------------------------------------------
| Timing                    |                             |
|     Setup WNS             |        16184                |
|     Setup TNS             |            0                |
|     Num of violated S-EP  |            0                |
|     Hold WNS              |          471                |
|     Hold TNS              |            0                |
|     Num of violated H-EP  |            0                |
-----------------------------------------------------------
| Utilization               |                             |
|     #registers            |          515                |
|     #luts                 |          310                |
|     #lut1                 |           12                |
|     #lut1(~A)             |           12                |
|     #slices               |           16                |
|     slices percentage     |        0.01%                |
|     #RAMs                 |            2                |
|     #DSPs                 |            0                |
|     #f7mux                |        0.00%                |
|     #MACROs               |            2                |
|     #insts in MACRO       |           18                |
-----------------------------------------------------------
| kept_net                  |                             |
|     #syn_keep             |          224                |
|     #keep_hier            |           47                |
|     #dont_touch           |            0                |
|     #mark_debug           |            0                |
|     #max_fanout_keep      |            0                |
|     #async_reg            |            0                |
-----------------------------------------------------------
| Top 10% datanet fanout#   |         9.93                |
| dff(single fanout)->dff   |           26                |
| dff(single fanout)->dram  |            0                |
-----------------------------------------------------------
| Over-quota path num*      |                             |
|     Total                 |            0                |
-----------------------------------------------------------
| Rent**                    |                             |
-----------------------------------------------------------
Note*: Over-quota path shows the over-path-level-threshold path number of each clock.
       The clock will not be shown if no path is with path level over the threshold.
       The threshold is defined as worst path_margin / 800ps.
Note**: Rent shows the rent exponent value of the modules whose rent value exceeds the threshold.
        Only modules under top are reported, and the threshold is defined as 0.7.

Logic Level Distribution
------------------------------------------------------------------------
  Clock        |  Period            |  0    |  1    |  2   |  3   |  4
------------------------------------------------------------------------
  DeriveClock  |  20.000ns (50MHz)  |  181  |  280  |  28  |  56  |  6
------------------------------------------------------------------------
Note: The table count the worst 100000 paths, each endpoint count only one time.(551 paths analyzed)

Hierarchical Rent Exponent Report
+----------------------------------------------------------------------------+
|Inst              |Model             |Rent     |Cell     |Pin     |Term     |
+----------------------------------------------------------------------------+
|top               |auto_created_cwc3 |0.10     |1340     |4028    |6        |
|  wrapper_cwc_top |top_cwc_hub_1     |0.60     |1340     |4028    |225      |
+----------------------------------------------------------------------------+
Note: Cell represents total number of cells inside module; Pin represents total number of pins
      which have net connection inside module; Term represents total number of PIs and POs of module.
      Rent represents the relationship between number of terms and number of cells in module.
      A module with higher rent corresponds to highly connected logic and strong connectivity with others.
Report gate stage QoR done.

RUN-0008 : Do critical warning check and 0 issue(s) found.
RUN-0008 : Do timing check and 0 issue(s) found.
RUN-0008 : Do area check and 0 issue(s) found.
SYN-1001 : The design has 40 dangling syn_keep insts.
RUN-1002 : start command "report_area -file auto_created_cwc3_gate.area"
SYN-4034 : The count of slices with lut is 0.
SYN-4035 : The count of slices with lut+ripple is 0.
RUN-1001 : standard
***Report Model: auto_created_cwc3 Device: PH1A180SFG676***

Design Statistics
#IO                       225   out of    376   59.84%
  #input                  201
  #output                  24
  #inout                    0
#lut                      326
  #lut1                    12
  #lut2                   109
  #lut3                    17
  #lut4                    51
  #lut5                    69
  #lut6                    68
#reg                      515
  #slice reg              515   out of 233600    0.22%
  #pad reg                  0

Utilization Statistics
#slice*                   307   out of 116800    0.26%
  #used ram                16
    #dram lut               0
    #shifter lut           16
  #used logic             291
    #with luts*           225
    #with adder             0
    #reg only*             66
#f7mux                      0   out of  58400    0.00%
#f8mux                      0   out of  29200    0.00%
#eram                       2   out of    646    0.31%
  #eram20k                  2
  #fifo20k                  0
#dsp                        0   out of    600    0.00%
#pcie                       0   out of      1    0.00%
#serdes dual                0   out of      4    0.00%
#ddr_cal                    0   out of      1    0.00%
#ddr_bank                   0   out of      3    0.00%
#pad                        0   out of    376    0.00%
#pll                        0   out of     16    0.00%
#gclk                       0   out of     32    0.00%
#lclk                       0   out of     40    0.00%
#sclk                       0   out of    120    0.00%
#mlclk                      0   out of     22    0.00%
#ioclk                      0   out of     22    0.00%

* Note! The LUT and Slice count after Optimize-Gate is not the final value, Run Optimize-place for a more realistic count.

RUN-1002 : start command "export_db -mode ooc auto_created_cwc3_ooc.db"
RUN-1001 : Exported /
RUN-1001 : Exported libs
RUN-1001 : Exported entities
RUN-1001 : Exported ports
RUN-1001 : Exported pins
RUN-1001 : Exported instances
RUN-1001 : Exported nets
RUN-1001 : Exported buses
RUN-1001 : Exported models
