============================================================
   Tang Dynasty, V6.2.168116
   Copyright (c) 2012-2025 Anlogic Inc.
   Executable = D:/TD/bin/td.exe
   Built at =   16:32:07 Jun 12 2025
   Run by =     sean
   Run Date =   Wed Nov  5 15:53:45 2025

   Run on =     LAPTOP-18IJM237
============================================================
RUN-1002 : start command "import_db D:/TD/prj/imx_isp/imx_isp_Runs/phy_1/imx_isp_place.db"
RUN-1001 : Importing database generated by Tang Dynasty, V6.2.168116.
RUN-1001 : Database version number 46207
RUN-1001 : Import flow parameters
RUN-1001 : Import netlist
RUN-1001 : Import phy database
RUN-1001 : Import timing constraints
RUN-1001 : Import IO constraints
RUN-1001 : Import Inst constraints
RUN-1001 : Import ChipWatcher
RUN-1001 : Import design success TD_VERSION=6.2.168116 , DB_VERSION=46207
RUN-1003 : finish command "import_db D:/TD/prj/imx_isp/imx_isp_Runs/phy_1/imx_isp_place.db" in  4.089431s wall, 2.750000s user + 0.734375s system = 3.484375s CPU (85.2%)

RUN-1004 : used memory is 2518 MB, reserved memory is 2555 MB, peak memory is 2564 MB
