============================================================
   Tang Dynasty, V6.2.168116
   Copyright (c) 2012-2025 Anlogic Inc.
   Executable = D:/TD/bin/run.exe
   Built at =   16:32:07 Jun 12 2025
   Run by =     sean
   Run Date =   Wed Nov  5 17:48:17 2025

   Run on =     LAPTOP-18IJM237
============================================================
RUN-1002 : start command "import_device ph1_180.db -package PH1A180SFG676"
RUN-1001 : Using default speed grade: 2
ARC-1001 : Device Initialization.
ARC-1001 : -----------------------------------------------------------
ARC-1001 :           OPTION          |        IO        |   SETTING   
ARC-1001 : -----------------------------------------------------------
ARC-1001 :   non_jtag_persist(none)  |      36 IOs      |    gpio    
ARC-1001 :            jtag           |  P7/L8/N8/R6/R7  |  dedicate  
ARC-1001 : -----------------------------------------------------------
RUN-1003 : finish command "import_device ph1_180.db -package PH1A180SFG676" in  7.611474s wall, 5.968750s user + 0.218750s system = 6.187500s CPU (81.3%)

RUN-1004 : used memory is 1197 MB, reserved memory is 1195 MB, peak memory is 1197 MB
RUN-1002 : start command "set_param flow ooc_flow on"
RUN-1002 : start command "read_verilog -file auto_created_cwc2_watcherInst.sv"
HDL-1007 : analyze verilog file auto_created_cwc2_watcherInst.sv
HDL-1007 : analyze verilog file D:\TD\ip/apm/apm_cwc/apm_cwc.sv
Copyright (c) 1998-2019 The OpenSSL Project.  All rights reserved.
This product includes software developed by the OpenSSL Project
for use in the OpenSSL Toolkit (http://www.openssl.org/)
Copyright (C) 1995-1998 Eric Young (eay@cryptsoft.com)
All rights reserved.
This product includes cryptographic software written by Eric Young (eay@cryptsoft.com)
HDL-1007 : undeclared symbol '**', assumed default net type '**' in D:\TD\ip/apm/apm_cwc/apm_cwc.sv(492)
HDL-1007 : undeclared symbol '**', assumed default net type '**' in D:\TD\ip/apm/apm_cwc/apm_cwc.sv(493)
HDL-1007 : back to file 'D:\TD\ip/apm/apm_cwc/apm_cwc.sv' in D:\TD\ip/apm/apm_cwc/apm_cwc.sv(1)
HDL-1007 : elaborate module auto_created_cwc2 in auto_created_cwc2_watcherInst.sv(1)
HDL-1007 : elaborate module ** in D:\TD\ip/apm/apm_cwc/apm_cwc.sv(3)
HDL-1007 : elaborate module ** in D:\TD\ip/apm/apm_cwc/apm_cwc.sv(212)
HDL-1007 : elaborate module ** in D:\TD\ip/apm/apm_cwc/apm_cwc.sv(573)
HDL-1007 : elaborate module ** in D:\TD\ip/apm/apm_cwc/apm_cwc.sv(629)
HDL-1007 : elaborate module ** in D:\TD\ip/apm/apm_cwc/apm_cwc.sv(629)
HDL-1007 : elaborate module ** in D:\TD\ip/apm/apm_cwc/apm_cwc.sv(629)
HDL-1007 : elaborate module ** in D:\TD\ip/apm/apm_cwc/apm_cwc.sv(629)
HDL-1007 : elaborate module ** in D:\TD\ip/apm/apm_cwc/apm_cwc.sv(629)
HDL-1007 : elaborate module ** in D:\TD\ip/apm/apm_cwc/apm_cwc.sv(788)
HDL-1007 : elaborate module ** in D:\TD\ip/apm/apm_cwc/apm_cwc.sv(1025)
HDL-1007 : elaborate module ** in D:\TD\ip/apm/apm_cwc/apm_cwc.sv(1025)
HDL-1007 : elaborate module ** in D:\TD\ip/apm/apm_cwc/apm_cwc.sv(1025)
HDL-1007 : elaborate module ** in D:\TD\ip/apm/apm_cwc/apm_cwc.sv(1025)
HDL-1007 : elaborate module ** in D:\TD\ip/apm/apm_cwc/apm_cwc.sv(1025)
HDL-1007 : elaborate module ** in D:\TD\ip/apm/apm_cwc/apm_cwc.sv(1025)
HDL-1007 : elaborate module ** in D:\TD\ip/apm/apm_cwc/apm_cwc.sv(995)
HDL-1007 : extracting RAM for identifier '**' in D:\TD\ip/apm/apm_cwc/apm_cwc.sv(1010)
HDL-1200 : Current top model is auto_created_cwc2
HDL-1100 : Inferred 1 RAMs.
RUN-1002 : start command "optimize_rtl"
RUN-1001 : Open license file D:/TD/license/Anlogic.lic
SYN-1001 : Stage 1 | Optimize RTL
SYN-1001 : Stage 1.1 | Check Design Sanity
SYN-1001 : End Stage 1.1 | Check Design Sanity; Time: 0.010915s wall, 0.015625s user + 0.000000s system = 0.015625s CPU (143.1%); Memory(MB): used = 1204, reserved = 1195, peak = 1204;

SYN-1079 : finish stage Check Design Sanity. Total instances: 5723, Total nets: 12897.

SYN-1001 : Stage 1.2 | Initialize Design
SYN-1001 : End Stage 1.2 | Initialize Design; Time: 0.492875s wall, 0.484375s user + 0.000000s system = 0.484375s CPU (98.3%); Memory(MB): used = 1204, reserved = 1195, peak = 1204;

SYN-1079 : finish stage Initialize Design. Total instances: 2468, Total nets: 8057.

SYN-1001 : Stage 1.3 | Flatten Module
SYN-1011 : Flatten model auto_created_cwc2
SYN-1050 : Instances selected by 'keep_hierarchy':
RUN-1001 : ------------------------------------------------------------------------------------------------------------
RUN-1001 :           instance           |  keep_hierarchy  |         down_module         |         file(line)          
RUN-1001 : ------------------------------------------------------------------------------------------------------------
RUN-1001 :   wrapper_cwc_top/U_cwc_ram  |       true       | anlogic05_cwc_ram(DATA_...  | D:\TD\ip/apm/apm_cwc/ap...  
RUN-1001 : ------------------------------------------------------------------------------------------------------------
SYN-1001 : End Stage 1.3 | Flatten Module; Time: 0.081762s wall, 0.078125s user + 0.000000s system = 0.078125s CPU (95.6%); Memory(MB): used = 1204, reserved = 1195, peak = 1204;

SYN-1079 : finish stage Flatten Module. Total instances: 3637, Total nets: 6432.

SYN-1001 : Stage 1.4 | Uniform Instance
SYN-1001 : End Stage 1.4 | Uniform Instance; Time: 0.022681s wall, 0.015625s user + 0.000000s system = 0.015625s CPU (68.9%); Memory(MB): used = 1195, reserved = 1195, peak = 1204;

SYN-1079 : finish stage Uniform Instance. Total instances: 3234, Total nets: 6029.

SYN-1001 : Stage 1.5 | Optimize Design
SYN-1032 : 6020/2 useful/useless nets, 3232/2 useful/useless insts
SYN-1016 : Merged 167 instances.
SYN-1016 : Merged 16 instances.
SYN-1001 : End Stage 1.5 | Optimize Design; Time: 0.523005s wall, 0.515625s user + 0.000000s system = 0.515625s CPU (98.6%); Memory(MB): used = 1195, reserved = 1194, peak = 1204;

SYN-1079 : finish stage Optimize Design. Total instances: 5146, Total nets: 5845.

SYN-1001 : Stage 1.6 | Optimize Iteratively
SYN-1014 : Optimize round 1
SYN-1017 : Remove 3 const input seq instances
SYN-1020 : Optimized 16 distributor mux.
SYN-1015 : Optimize round 1, 123 better
SYN-1014 : Optimize round 2
SYN-1016 : Merged 8 instances.
SYN-1015 : Optimize round 2, 16 better
SYN-3010 : Optimized 2 DFF(s)
SYN-1014 : Optimize round 1
SYN-1015 : Optimize round 1, 0 better
SYN-1001 : End Stage 1.6 | Optimize Iteratively; Time: 1.840546s wall, 1.781250s user + 0.031250s system = 1.812500s CPU (98.5%); Memory(MB): used = 1223, reserved = 1221, peak = 1230;

SYN-1079 : finish stage Optimize Iteratively. Total instances: 5144, Total nets: 5843.

SYN-1001 : Stage 1.7 | Check Design
SYN-1001 : End Stage 1.7 | Check Design; Time: 0.001273s wall, 0.000000s user + 0.000000s system = 0.000000s CPU (n/a%); Memory(MB): used = 1223, reserved = 1221, peak = 1230;

SYN-1079 : finish stage Check Design. Total instances: 5144, Total nets: 5843.

SYN-1001 : End Stage 1 | Optimize RTL; Time: 2.974711s wall, 2.906250s user + 0.031250s system = 2.937500s CPU (98.7%); Memory(MB): used = 1223, reserved = 1221, peak = 1230;

SYN-1079 : finish stage Optimize RTL. Total instances: 5144, Total nets: 5843.

RUN-1003 : finish command "optimize_rtl" in  2.996842s wall, 2.921875s user + 0.031250s system = 2.953125s CPU (98.5%)

RUN-1004 : used memory is 1223 MB, reserved memory is 1221 MB, peak memory is 1230 MB
RUN-1002 : start command "map_macro"
SYN-1001 : Stage 2 | Map Reg
SYN-1001 : End Stage 2 | Map Reg; Time: 0.106252s wall, 0.078125s user + 0.000000s system = 0.078125s CPU (73.5%); Memory(MB): used = 1222, reserved = 1220, peak = 1230;

SYN-1079 : finish stage Map Reg. Total instances: 5144, Total nets: 5843.

SYN-1001 : Stage 3 | Map IO
SYN-2001 : Map 0 IOs to PADs of model 'auto_created_cwc2'
SYN-1001 : End Stage 3 | Map IO; Time: 0.006861s wall, 0.000000s user + 0.000000s system = 0.000000s CPU (n/a%); Memory(MB): used = 1222, reserved = 1221, peak = 1230;

SYN-1001 : Stage 4 | Map Macro
RUN-1002 : start command "update_pll_param -module auto_created_cwc2"
SYN-2501 : Processed 0 LOGIC_BUF instances.
SYN-2571 : Optimize after map_dsp, round 1
SYN-2571 : Optimize after map_dsp, round 1, 0 better
SYN-1001 : Throwback 5 control mux instances
SYN-2501 : Optimize round 1
SYN-1016 : Merged 3 instances.
SYN-2501 : Optimize round 1, 129 better
SYN-2501 : Optimize round 2
SYN-2501 : Optimize round 2, 0 better
SYN-2501 : Optimize round 1
SYN-2501 : Optimize round 1, 0 better
SYN-2501 : Map 26 macro adder(s)
SYN-1016 : Merged 322 instances.
SYN-1001 : End Stage 4 | Map Macro; Time: 1.455288s wall, 1.421875s user + 0.031250s system = 1.453125s CPU (99.9%); Memory(MB): used = 1231, reserved = 1226, peak = 1231;

SYN-1079 : finish stage Map Macro. Total instances: 5411, Total nets: 6275.

RUN-1003 : finish command "map_macro" in  1.574323s wall, 1.515625s user + 0.031250s system = 1.546875s CPU (98.3%)

RUN-1004 : used memory is 1231 MB, reserved memory is 1226 MB, peak memory is 1231 MB
RUN-1002 : start command "map"
SYN-1001 : Stage 5 | Map Gate
SYN-2581 : Mapping with K=6, #lut = 786 (3.60), #lev = 4 (1.36), #crit_level = 0
SYN-2551 : Post LUT mapping optimization.
SYN-2581 : Mapping with K=6, #lut = 779 (3.57), #lev = 4 (1.39), #crit_level = 0
SYN-3001 : Logic optimization opt = 0.37 sec, map = 0.08 sec, post map opt = 0.51 sec.
SYN-1001 : End Stage 5 | Map Gate; Time: 1.110275s wall, 1.093750s user + 0.015625s system = 1.109375s CPU (99.9%); Memory(MB): used = 1241, reserved = 1234, peak = 1241;

RUN-1003 : finish command "map" in  1.132906s wall, 1.125000s user + 0.015625s system = 1.140625s CPU (100.7%)

RUN-1004 : used memory is 1241 MB, reserved memory is 1234 MB, peak memory is 1241 MB
RUN-1002 : start command "pack"
SYN-1001 : Packing model "auto_created_cwc2" ...
SYN-1001 : Stage 6 | Pack Gate
SYN-4010 : Pack lib has 90 rtl pack models with 59 top pack blocks
SYN-1014 : Optimize round 1
SYN-1015 : Optimize round 1, 0 better
SYN-4002 : Packing 1492 DFF/LATCH to SEQ ...
SYN-1001 : Remove 2 carry adders
RUN-1002 : start command "start_timer"
RUN-1002 : start command "end_timer"
SYN-4009 : Pack 2 carry chain into lslice
SYN-1001 : End Stage 6 | Pack Gate; Time: 0.370095s wall, 0.375000s user + 0.000000s system = 0.375000s CPU (101.3%); Memory(MB): used = 1241, reserved = 1244, peak = 1241;

RUN-1002 : start command "report_qor -step gate -file gate.qor"
RUN-1002 : start command "start_timer"
-----------------------------------------------------------
| QoR metrics               |         value               |
-----------------------------------------------------------
| Timing                    |                             |
|     Setup WNS             |        16159                |
|     Setup TNS             |            0                |
|     Num of violated S-EP  |            0                |
|     Hold WNS              |          471                |
|     Hold TNS              |            0                |
|     Num of violated H-EP  |            0                |
-----------------------------------------------------------
| Utilization               |                             |
|     #registers            |         1492                |
|     #luts                 |          779                |
|     #lut1                 |           38                |
|     #lut1(~A)             |           38                |
|     #slices               |           92                |
|     slices percentage     |        0.08%                |
|     #RAMs                 |            6                |
|     #DSPs                 |            0                |
|     #f7mux                |        0.00%                |
|     #MACROs               |            9                |
|     #insts in MACRO       |           99                |
-----------------------------------------------------------
| kept_net                  |                             |
|     #syn_keep             |          673                |
|     #keep_hier            |          131                |
|     #dont_touch           |            0                |
|     #mark_debug           |            0                |
|     #max_fanout_keep      |            0                |
|     #async_reg            |            0                |
-----------------------------------------------------------
| Top 10% datanet fanout#   |         8.80                |
| dff(single fanout)->dff   |           50                |
| dff(single fanout)->dram  |            0                |
-----------------------------------------------------------
| Over-quota path num*      |                             |
|     Total                 |            0                |
-----------------------------------------------------------
| Rent**                    |                             |
-----------------------------------------------------------
Note*: Over-quota path shows the over-path-level-threshold path number of each clock.
       The clock will not be shown if no path is with path level over the threshold.
       The threshold is defined as worst path_margin / 800ps.
Note**: Rent shows the rent exponent value of the modules whose rent value exceeds the threshold.
        Only modules under top are reported, and the threshold is defined as 0.7.

Logic Level Distribution
-------------------------------------------------------------------------
  Clock        |  Period            |  0    |  1    |  2   |  3   |  4
-------------------------------------------------------------------------
  DeriveClock  |  20.000ns (50MHz)  |  305  |  814  |  47  |  81  |  19
-------------------------------------------------------------------------
Note: The table count the worst 100000 paths, each endpoint count only one time.(1266 paths analyzed)

Hierarchical Rent Exponent Report
+----------------------------------------------------------------------------+
|Inst              |Model             |Rent     |Cell     |Pin     |Term     |
+----------------------------------------------------------------------------+
|top               |auto_created_cwc2 |0.09     |3853     |11346   |6        |
|  wrapper_cwc_top |top_cwc_hub_1     |0.66     |3853     |11346   |674      |
+----------------------------------------------------------------------------+
Note: Cell represents total number of cells inside module; Pin represents total number of pins
      which have net connection inside module; Term represents total number of PIs and POs of module.
      Rent represents the relationship between number of terms and number of cells in module.
      A module with higher rent corresponds to highly connected logic and strong connectivity with others.
Report gate stage QoR done.

RUN-0008 : Do critical warning check and 0 issue(s) found.
RUN-0008 : Do timing check and 0 issue(s) found.
RUN-0008 : Do area check and 0 issue(s) found.
SYN-1001 : The design has 124 dangling syn_keep insts.
RUN-1002 : start command "report_area -file auto_created_cwc2_gate.area"
SYN-4034 : The count of slices with lut is 32.
SYN-4035 : The count of slices with lut+ripple is 4.
RUN-1001 : standard
***Report Model: auto_created_cwc2 Device: PH1A180SFG676***

Design Statistics
#IO                       674   out of    376  179.26%
  #input                  650
  #output                  24
  #inout                    0
#lut                      871
  #lut1                    38
  #lut2                   311
  #lut3                    19
  #lut4                   112
  #lut5                   178
  #lut6                   213
#reg                     1492
  #slice reg             1492   out of 233600    0.64%
  #pad reg                  0

Utilization Statistics
#slice*                   880   out of 116800    0.75%
  #used ram                56
    #dram lut               0
    #shifter lut           56
  #used logic             824
    #with luts*           611
    #with adder             4
    #reg only*            209
#f7mux                      0   out of  58400    0.00%
#f8mux                      0   out of  29200    0.00%
#eram                       6   out of    646    0.93%
  #eram20k                  6
  #fifo20k                  0
#dsp                        0   out of    600    0.00%
#pcie                       0   out of      1    0.00%
#serdes dual                0   out of      4    0.00%
#ddr_cal                    0   out of      1    0.00%
#ddr_bank                   0   out of      3    0.00%
#pad                        0   out of    376    0.00%
#pll                        0   out of     16    0.00%
#gclk                       0   out of     32    0.00%
#lclk                       0   out of     40    0.00%
#sclk                       0   out of    120    0.00%
#mlclk                      0   out of     22    0.00%
#ioclk                      0   out of     22    0.00%

* Note! The LUT and Slice count after Optimize-Gate is not the final value, Run Optimize-place for a more realistic count.

RUN-1002 : start command "export_db -mode ooc auto_created_cwc2_ooc.db"
RUN-1001 : Exported /
RUN-1001 : Exported libs
RUN-1001 : Exported entities
RUN-1001 : Exported ports
RUN-1001 : Exported pins
RUN-1001 : Exported instances
RUN-1001 : Exported nets
RUN-1001 : Exported buses
RUN-1001 : Exported models
